Arguments: 
  /Users/leonkoole/.nvm/versions/node/v12.13.1/bin/node /Users/leonkoole/.nvm/versions/node/v12.13.1/bin/yarn upgrade --latest

PATH: 
  /Users/leonkoole/.rvm/gems/ruby-2.7.1/bin:/Users/leonkoole/.rvm/gems/ruby-2.7.1@global/bin:/Users/leonkoole/.rvm/rubies/ruby-2.7.1/bin:/usr/local/opt/ruby/bin:/usr/local/sbin:/Users/leonkoole/google-cloud-sdk/bin:/usr/local/opt/mysql-client/bin:/Users/leonkoole/.nvm/versions/node/v12.13.1/bin:/usr/local/opt/python/libexec/bin:/Users/leonkoole/Library/Python/3.7/bin:/usr/local/bin:/usr/bin:/bin:/usr/sbin:/sbin:/Library/TeX/texbin:/Library/Apple/usr/bin:/usr/local/opt/fzf/bin:/Users/leonkoole/.rvm/bin

Yarn version: 
  1.22.4

Node version: 
  12.13.1

Platform: 
  darwin x64

Trace: 
  SyntaxError: /Users/leonkoole/Projects/Open Source/.io/package.json: Unexpected token } in JSON at position 1136
      at JSON.parse (<anonymous>)
      at /Users/leonkoole/.nvm/versions/node/v12.13.1/lib/node_modules/yarn/lib/cli.js:1625:59
      at Generator.next (<anonymous>)
      at step (/Users/leonkoole/.nvm/versions/node/v12.13.1/lib/node_modules/yarn/lib/cli.js:310:30)
      at /Users/leonkoole/.nvm/versions/node/v12.13.1/lib/node_modules/yarn/lib/cli.js:321:13

npm manifest: 
  {
    "name": "koole.io",
    "version": "1.0.0",
    "private": true,
    "repository": "git@github.com:koole/.io.git",
    "author": "Leon Koole <leon@koole.io>",
    "dependencies": {
      "@babel/core": "^7.3.4",
      "@babel/polyfill": "^7.2.5",
      "@babel/preset-env": "^7.3.4",
      "@babel/preset-typescript": "^7.8.3",
      "autoprefixer": "^10.0.2",
      "babel-loader": "^8.2.1",
      "babel-plugin-syntax-dynamic-import": "^6.18.0",
      "css-loader": "^5.0.1",
      "cssnano": "^4.1.10",
      "mini-css-extract-plugin": "^1.3.1",
      "normalize.css": "^8.0.1",
      "postcss-import": "^13.0.0",
      "postcss-loader": "^4.1.0",
      "precss": "^4.0.0",
      "style-loader": "^2.0.0",
      "terser-webpack-plugin": "^5.0.3",
      "ts-loader": "^8.0.11",
      "typescript": "^3.8.2",
      "yargs": "^16.1.1",
      "webpack": "^5.6.0",
      "webpack-cli": "^4.2.0"
    },
    "devDependencies": {
      "@typescript-eslint/eslint-plugin": "^2.20.0",
      "@typescript-eslint/parser": "^2.20.0",
      "@webpack-cli/init": "^1.0.3",
      "eslint": "^6.8.0",
      "eslint-config-prettier": "^6.15.0",
      "eslint-plugin-prettier": "^3.1.4",
      "prettier": "^2.1.2",
    },
    "scripts": {
      "start": "webpack-dev-server",
      "build": "webpack",
      "lint": "eslint src --ext .ts"
    }
  }

yarn manifest: 
  No manifest

Lockfile: 
  No lockfile
